{"ID":"18cbc197-0ee7-425b-a6a2-fa8fcb365549","ERROR DATE":"2021-06-19T20:01:48.624Z","ERROR":"","BODY":{"statusCode":404,"msg":"Board not found."},"level":"error"}
{"ID":"d756f3dd-d10c-4680-b1d9-df4c6f469457","ERROR DATE":"2021-06-19T20:01:48.683Z","ERROR":"","BODY":{"statusCode":404,"msg":"Task not found."},"level":"error"}
{"ID":"f65b001e-51e8-437b-b324-464521b83b84","ERROR DATE":"2021-06-19T20:01:48.684Z","ERROR":"","BODY":{"statusCode":404,"msg":"Task not found."},"level":"error"}
{"ID":"5aed7d5e-f7be-4a7b-9999-be1024feb8fa","ERROR DATE":"2021-06-19T20:01:48.685Z","ERROR":"","BODY":{"statusCode":404,"msg":"Task not found."},"level":"error"}
{"ID":"bd9b5d58-543e-43b4-94e5-cee5514f9a2d","ERROR DATE":"2021-06-19T20:01:48.687Z","ERROR":"","BODY":{"statusCode":404,"msg":"Task not found."},"level":"error"}
{"ID":"45be9cdf-c1f9-41c8-bb1b-07810d3cfc99","ERROR DATE":"2021-06-19T20:01:48.688Z","ERROR":"","BODY":{"statusCode":404,"msg":"Task not found."},"level":"error"}
{"ID":"ab7f9cfa-e39d-4d96-88c4-7cf2bead05d8","ERROR DATE":"2021-06-19T20:01:49.010Z","ERROR":"","BODY":{"statusCode":404,"msg":"Task not found."},"level":"error"}
{"ID":"a012bf1d-ca53-4c6c-a969-8cec6b4bed86","ERROR DATE":"2021-06-19T20:31:18.854Z","ERROR":"","BODY":{"statusCode":404,"msg":"Board not found."},"level":"error"}
{"ID":"e849c2bd-ee22-45f3-a83a-a837765bba3b","ERROR DATE":"2021-06-19T20:31:18.906Z","ERROR":"","BODY":{"statusCode":404,"msg":"Task not found."},"level":"error"}
{"ID":"5e308381-30a2-4190-8d5a-110ef52d2872","ERROR DATE":"2021-06-19T20:31:18.908Z","ERROR":"","BODY":{"statusCode":404,"msg":"Task not found."},"level":"error"}
{"ID":"56495945-9624-4143-894e-daabc7c90a1f","ERROR DATE":"2021-06-19T20:31:18.909Z","ERROR":"","BODY":{"statusCode":404,"msg":"Task not found."},"level":"error"}
{"ID":"53c1ca78-9793-4330-ad17-caa6b57c770c","ERROR DATE":"2021-06-19T20:31:18.911Z","ERROR":"","BODY":{"statusCode":404,"msg":"Task not found."},"level":"error"}
{"ID":"2e7cc06a-ee04-46f5-b78f-d4c7925294be","ERROR DATE":"2021-06-19T20:31:18.912Z","ERROR":"","BODY":{"statusCode":404,"msg":"Task not found."},"level":"error"}
{"ID":"e9f65c36-806d-45cc-bf8b-eea5cbac954e","ERROR DATE":"2021-06-19T20:31:19.218Z","ERROR":"","BODY":{"statusCode":500,"msg":"User not found!"},"level":"error"}
{"ID":"50ba264c-d45e-4d6c-8c72-2e668a968502","ERROR DATE":"2021-06-19T20:31:19.296Z","ERROR":"","BODY":{"statusCode":500,"msg":"User not found!"},"level":"error"}
{"ID":"079d2e44-4b17-416d-8448-8e814ecfd4dd","ERROR DATE":"2021-06-19T20:31:19.654Z","ERROR":"","BODY":{"statusCode":404,"msg":"Task not found."},"level":"error"}
{"ID":"d1594ee1-f5d8-436e-8798-8eac7fd39fb7","ERROR DATE":"2021-06-19T20:34:31.802Z","ERROR":"","BODY":{"statusCode":404,"msg":"Board not found."},"level":"error"}
{"ID":"72e545bd-e3cd-4498-8f99-518f4ed6d652","ERROR DATE":"2021-06-19T20:34:31.867Z","ERROR":"","BODY":{"statusCode":404,"msg":"Task not found."},"level":"error"}
{"ID":"3cd931cf-2427-4ba5-9020-eed089c1363d","ERROR DATE":"2021-06-19T20:34:31.868Z","ERROR":"","BODY":{"statusCode":404,"msg":"Task not found."},"level":"error"}
{"ID":"2537a3a8-bada-47ff-9823-c4a860489c60","ERROR DATE":"2021-06-19T20:34:31.869Z","ERROR":"","BODY":{"statusCode":404,"msg":"Task not found."},"level":"error"}
{"ID":"e4ee3ba1-11be-4c9e-98c5-81a6c407912b","ERROR DATE":"2021-06-19T20:34:31.872Z","ERROR":"","BODY":{"statusCode":404,"msg":"Task not found."},"level":"error"}
{"ID":"fff24563-e777-405d-b307-e60dc6b7bd5a","ERROR DATE":"2021-06-19T20:34:31.873Z","ERROR":"","BODY":{"statusCode":404,"msg":"Task not found."},"level":"error"}
{"ID":"9aa05d8a-5ae9-4c8d-93f9-2c22d94cdc19","ERROR DATE":"2021-06-19T20:34:32.206Z","ERROR":"","BODY":{"statusCode":404,"msg":"Task not found."},"level":"error"}
{"ID":"ded2b61a-58c5-487e-94fa-afb753fe3606","ERROR DATE":"2021-06-19T20:40:38.669Z","ERROR":"","BODY":{"statusCode":404,"msg":"Board not found."},"level":"error"}
{"ID":"b9ed97f2-6c77-4f6c-bd9c-7640fbe9a6e3","ERROR DATE":"2021-06-19T20:40:38.726Z","ERROR":"","BODY":{"statusCode":404,"msg":"Task not found."},"level":"error"}
{"ID":"eb8501fa-0998-4ea1-b198-892e329ee991","ERROR DATE":"2021-06-19T20:40:38.727Z","ERROR":"","BODY":{"statusCode":404,"msg":"Task not found."},"level":"error"}
{"ID":"ded9972a-8043-48c1-9e55-c052a99788aa","ERROR DATE":"2021-06-19T20:40:38.728Z","ERROR":"","BODY":{"statusCode":404,"msg":"Task not found."},"level":"error"}
{"ID":"2aaf99fc-3bb4-4139-9d84-c4844b8780dc","ERROR DATE":"2021-06-19T20:40:38.731Z","ERROR":"","BODY":{"statusCode":404,"msg":"Task not found."},"level":"error"}
{"ID":"45ed253c-3daa-43cb-83b0-af4ff54e628e","ERROR DATE":"2021-06-19T20:40:38.731Z","ERROR":"","BODY":{"statusCode":404,"msg":"Task not found."},"level":"error"}
{"ID":"5c961836-0893-458b-98ba-7d9281038931","ERROR DATE":"2021-06-19T20:40:39.049Z","ERROR":"","BODY":{"statusCode":404,"msg":"Task not found."},"level":"error"}
{"ID":"81778b8d-234c-42f9-bb95-3d9554a9b698","ERROR DATE":"2021-06-19T20:42:16.002Z","ERROR":"","BODY":{"statusCode":404,"msg":"Board not found."},"level":"error"}
{"ID":"46cc9e35-1c2e-4189-8844-6f4824a11d17","ERROR DATE":"2021-06-19T20:42:16.057Z","ERROR":"","BODY":{"statusCode":404,"msg":"Task not found."},"level":"error"}
{"ID":"379f2164-69ce-4185-b9a8-9f751e1bde53","ERROR DATE":"2021-06-19T20:42:16.058Z","ERROR":"","BODY":{"statusCode":404,"msg":"Task not found."},"level":"error"}
{"ID":"53521dde-68bf-4281-85ee-2b2d0c185716","ERROR DATE":"2021-06-19T20:42:16.059Z","ERROR":"","BODY":{"statusCode":404,"msg":"Task not found."},"level":"error"}
{"ID":"42e76217-cac4-4a26-bfe7-f6e9f33fe5a7","ERROR DATE":"2021-06-19T20:42:16.060Z","ERROR":"","BODY":{"statusCode":404,"msg":"Task not found."},"level":"error"}
{"ID":"e7599bbd-58f6-4f25-82c5-d5951494a0c4","ERROR DATE":"2021-06-19T20:42:16.061Z","ERROR":"","BODY":{"statusCode":404,"msg":"Task not found."},"level":"error"}
{"ID":"28c137dc-35c8-4c7e-b3cc-42b68ebbbebe","ERROR DATE":"2021-06-19T20:42:16.373Z","ERROR":"","BODY":{"statusCode":404,"msg":"Task not found."},"level":"error"}
{"ID":"4dbc9664-f6f1-4aaf-b0d9-43a773019820","ERROR DATE":"2021-06-19T21:12:42.290Z","ERROR":"","BODY":{"statusCode":404,"msg":"Board not found."},"level":"error"}
{"ID":"4139affc-f901-4a0d-afd7-2e58ef7d7c5c","ERROR DATE":"2021-06-19T21:12:42.706Z","ERROR":"","BODY":{"statusCode":404,"msg":"Task not found."},"level":"error"}
{"ID":"b3c1bd44-9e51-4dc7-bb60-fe933c2244bd","ERROR DATE":"2021-06-20T13:18:50.244Z","ERROR":"","BODY":{"statusCode":404,"msg":"Task not found."},"level":"error"}
{"ID":"ea04088e-1fd7-4f1e-bafd-d9cf558b4579","ERROR DATE":"2021-06-20T13:18:51.024Z","ERROR":"","BODY":{"statusCode":404,"msg":"Board not found."},"level":"error"}
{"ID":"a1670f6f-2139-4f13-a68f-5bfa21880b86","ERROR DATE":"2021-06-20T13:18:51.080Z","ERROR":"","BODY":{"statusCode":404,"msg":"Task not found."},"level":"error"}
{"ID":"0d2a57c1-bfa8-4130-998e-64afa286a36f","ERROR DATE":"2021-06-20T13:18:51.081Z","ERROR":"","BODY":{"statusCode":404,"msg":"Task not found."},"level":"error"}
{"ID":"fea93005-8e85-4112-8e90-a50958429032","ERROR DATE":"2021-06-20T13:18:51.082Z","ERROR":"","BODY":{"statusCode":404,"msg":"Task not found."},"level":"error"}
{"ID":"4ff4801f-c6cd-4420-b10c-c15c8800184a","ERROR DATE":"2021-06-20T13:18:51.083Z","ERROR":"","BODY":{"statusCode":404,"msg":"Task not found."},"level":"error"}
{"ID":"72675795-da44-447e-9184-d72dd6328232","ERROR DATE":"2021-06-20T13:18:51.086Z","ERROR":"","BODY":{"statusCode":404,"msg":"Task not found."},"level":"error"}
{"ID":"5e974570-9e1e-468d-ab82-c93be0fad263","ERROR DATE":"2021-06-20T13:25:07.901Z","ERROR":"","BODY":{"statusCode":404,"msg":"Board not found."},"level":"error"}
{"ID":"f9cbb0bf-4db1-48a1-a315-45e6ea15dfeb","ERROR DATE":"2021-06-20T13:25:07.954Z","ERROR":"","BODY":{"statusCode":404,"msg":"Task not found."},"level":"error"}
{"ID":"d2a1f2be-fbea-428e-bcbf-ec5674163586","ERROR DATE":"2021-06-20T13:25:07.956Z","ERROR":"","BODY":{"statusCode":404,"msg":"Task not found."},"level":"error"}
{"ID":"7f5103d3-e606-49a2-90b7-cc749b8aa412","ERROR DATE":"2021-06-20T13:25:07.957Z","ERROR":"","BODY":{"statusCode":404,"msg":"Task not found."},"level":"error"}
{"ID":"4a07538f-fb76-4ed6-b037-8a877b9ec609","ERROR DATE":"2021-06-20T13:25:07.959Z","ERROR":"","BODY":{"statusCode":404,"msg":"Task not found."},"level":"error"}
{"ID":"bbcdb91b-389b-41e0-9d10-eac8e06b67f4","ERROR DATE":"2021-06-20T13:25:07.960Z","ERROR":"","BODY":{"statusCode":404,"msg":"Task not found."},"level":"error"}
{"ID":"a1e5f5e4-f0f3-4155-bb59-100cd2312358","ERROR DATE":"2021-06-20T13:25:08.291Z","ERROR":"","BODY":{"statusCode":404,"msg":"Task not found."},"level":"error"}
{"ID":"1225b356-8954-46be-a90c-5b892a920500","ERROR DATE":"2021-06-20T13:28:12.119Z","ERROR":"","BODY":{"statusCode":404,"msg":"Board not found."},"level":"error"}
{"ID":"0c82e2a9-d650-439d-9068-906959abc5ac","ERROR DATE":"2021-06-20T13:28:12.170Z","ERROR":"","BODY":{"statusCode":404,"msg":"Task not found."},"level":"error"}
{"ID":"29980113-7e14-41d6-ba0d-615cdbedccb0","ERROR DATE":"2021-06-20T13:28:12.171Z","ERROR":"","BODY":{"statusCode":404,"msg":"Task not found."},"level":"error"}
{"ID":"f0c8818f-7cee-4d41-893a-d9ed01c4b656","ERROR DATE":"2021-06-20T13:28:12.172Z","ERROR":"","BODY":{"statusCode":404,"msg":"Task not found."},"level":"error"}
{"ID":"d01f8e7a-c0b0-48d1-9de0-15db28e9b75f","ERROR DATE":"2021-06-20T13:28:12.175Z","ERROR":"","BODY":{"statusCode":404,"msg":"Task not found."},"level":"error"}
{"ID":"f4cad8ef-7706-4bac-8a1b-3739e716e31e","ERROR DATE":"2021-06-20T13:28:12.176Z","ERROR":"","BODY":{"statusCode":404,"msg":"Task not found."},"level":"error"}
{"ID":"b737d45c-e8a7-470b-96ab-b0461690df78","ERROR DATE":"2021-06-20T13:28:12.868Z","ERROR":"","BODY":{"statusCode":404,"msg":"Task not found."},"level":"error"}
{"ID":"630b883d-0160-4298-987a-11639f804076","ERROR DATE":"2021-06-20T13:31:11.603Z","ERROR":"","BODY":{"statusCode":404,"msg":"Board not found."},"level":"error"}
{"ID":"8e8f93b2-bb14-42d8-91f0-c455c01922fe","ERROR DATE":"2021-06-20T13:31:11.654Z","ERROR":"","BODY":{"statusCode":404,"msg":"Task not found."},"level":"error"}
{"ID":"2f8b8f3a-950b-46e8-ab76-64adf1ab21e7","ERROR DATE":"2021-06-20T13:31:11.656Z","ERROR":"","BODY":{"statusCode":404,"msg":"Task not found."},"level":"error"}
{"ID":"e4cc99f7-bb94-4ed2-92b0-a80f0006e63b","ERROR DATE":"2021-06-20T13:31:11.656Z","ERROR":"","BODY":{"statusCode":404,"msg":"Task not found."},"level":"error"}
{"ID":"a6ac983c-f3da-485c-8a7b-0bcdafb107a5","ERROR DATE":"2021-06-20T13:31:11.658Z","ERROR":"","BODY":{"statusCode":404,"msg":"Task not found."},"level":"error"}
{"ID":"104b0e57-fb14-4902-acc0-dc4bfb3e1295","ERROR DATE":"2021-06-20T13:31:11.659Z","ERROR":"","BODY":{"statusCode":404,"msg":"Task not found."},"level":"error"}
{"ID":"7443e163-d3c6-4df0-ae87-d25644d178b0","ERROR DATE":"2021-06-20T13:31:12.350Z","ERROR":"","BODY":{"statusCode":404,"msg":"Task not found."},"level":"error"}
{"ID":"8580cbfc-c9b2-4d5c-be22-9c73e1dbad4d","ERROR DATE":"2021-06-20T14:11:58.072Z","ERROR":"","BODY":{"statusCode":404,"msg":"Board not found."},"level":"error"}
{"ID":"df813256-13ee-4b01-b08d-9cf3dc948f98","ERROR DATE":"2021-06-20T14:11:58.122Z","ERROR":"","BODY":{"statusCode":404,"msg":"Task not found."},"level":"error"}
{"ID":"145d1c7d-cba9-4c8d-a35a-6d37c636e308","ERROR DATE":"2021-06-20T14:11:58.123Z","ERROR":"","BODY":{"statusCode":404,"msg":"Task not found."},"level":"error"}
{"ID":"fb8357bc-45a1-457e-bc4c-64bec79bb616","ERROR DATE":"2021-06-20T14:11:58.124Z","ERROR":"","BODY":{"statusCode":404,"msg":"Task not found."},"level":"error"}
{"ID":"d50b824b-32a0-441a-a259-19fd2577a358","ERROR DATE":"2021-06-20T14:11:58.125Z","ERROR":"","BODY":{"statusCode":404,"msg":"Task not found."},"level":"error"}
{"ID":"66d29284-6423-4a8e-94ee-b929325852f7","ERROR DATE":"2021-06-20T14:11:58.129Z","ERROR":"","BODY":{"statusCode":404,"msg":"Task not found."},"level":"error"}
{"ID":"f86f55d7-212c-4fd8-aac5-cea9afaaf7e6","ERROR DATE":"2021-06-20T14:11:58.808Z","ERROR":"","BODY":{"statusCode":404,"msg":"Task not found."},"level":"error"}
{"ID":"b6904626-721c-4561-a577-7c0119f4dd35","ERROR DATE":"2021-06-20T15:14:29.326Z","ERROR":"","BODY":{"statusCode":404,"msg":"Board not found."},"level":"error"}
{"ID":"a906543b-eb28-496a-aed8-ef6c48ebae27","ERROR DATE":"2021-06-20T15:14:29.376Z","ERROR":"","BODY":{"statusCode":404,"msg":"Task not found."},"level":"error"}
{"ID":"a3822731-5000-4387-955d-dc56f5760c48","ERROR DATE":"2021-06-20T15:14:29.377Z","ERROR":"","BODY":{"statusCode":404,"msg":"Task not found."},"level":"error"}
{"ID":"6dc77905-b992-4663-8e5c-a056e978fa25","ERROR DATE":"2021-06-20T15:14:29.378Z","ERROR":"","BODY":{"statusCode":404,"msg":"Task not found."},"level":"error"}
{"ID":"c6f9720e-9681-48e8-b23c-4ae6c3df1ad8","ERROR DATE":"2021-06-20T15:14:29.380Z","ERROR":"","BODY":{"statusCode":404,"msg":"Task not found."},"level":"error"}
{"ID":"2ff9f973-4ba2-41cd-a604-120b430ec7b2","ERROR DATE":"2021-06-20T15:14:29.384Z","ERROR":"","BODY":{"statusCode":404,"msg":"Task not found."},"level":"error"}
{"ID":"3bdd54d3-92d7-4082-a1c3-8601c7f05cab","ERROR DATE":"2021-06-20T15:14:30.080Z","ERROR":"","BODY":{"statusCode":404,"msg":"Task not found."},"level":"error"}
