{"ID":"849737c5-c6bc-4f0b-8f2a-c875891a9182","METHOD":"GET","URL":"/users","QUERY PARAMETERS":{},"BODY":{},"STATUS CODE":200,"EXECUTION TIME":"8 milliseconds","level":"info"}
{"ID":"3b5aa8d0-45d6-4773-84c8-805997ba2a84","METHOD":"POST","URL":"/users","QUERY PARAMETERS":{},"BODY":{"name":"TEST_USER","login":"test_user","password":"T35t_P@55w0rd"},"STATUS CODE":201,"EXECUTION TIME":"1 milliseconds","level":"info"}
{"ID":"13d9ddc4-585d-4c6a-b649-89314c9e2244","METHOD":"GET","URL":"/users/d899318c-76b5-4e99-9656-1eaffdac0946","QUERY PARAMETERS":{},"BODY":{},"STATUS CODE":200,"EXECUTION TIME":"1 milliseconds","level":"info"}
{"ID":"8ad7b536-f471-4945-8e7c-6ea33049d1ae","METHOD":"DELETE","URL":"/users/d899318c-76b5-4e99-9656-1eaffdac0946","QUERY PARAMETERS":{},"BODY":{},"STATUS CODE":200,"EXECUTION TIME":"0 milliseconds","level":"info"}
{"ID":"d3bc9bdc-bb2a-4a63-b938-728f93367e67","METHOD":"POST","URL":"/users","QUERY PARAMETERS":{},"BODY":{"name":"TEST_USER","login":"test_user","password":"T35t_P@55w0rd"},"STATUS CODE":201,"EXECUTION TIME":"1 milliseconds","level":"info"}
{"ID":"42723459-5a09-4e44-b655-975922eca824","METHOD":"DELETE","URL":"/users/a478cb6c-fe7e-44c9-97ea-8f041e968276","QUERY PARAMETERS":{},"BODY":{},"STATUS CODE":200,"EXECUTION TIME":"1 milliseconds","level":"info"}
{"ID":"af838cf4-78ba-47c8-8946-5892e2d9795b","METHOD":"POST","URL":"/users","QUERY PARAMETERS":{},"BODY":{"name":"TEST_USER","login":"test_user","password":"T35t_P@55w0rd"},"STATUS CODE":201,"EXECUTION TIME":"1 milliseconds","level":"info"}
{"ID":"b7bc109e-39df-4209-ab26-3ab28db7d11a","METHOD":"PUT","URL":"/users/45afe948-b98b-45b5-96db-922ca9576989","QUERY PARAMETERS":{},"BODY":{"name":"Autotest updated TEST_USER","login":"test_user","password":"T35t_P@55w0rd","id":"45afe948-b98b-45b5-96db-922ca9576989"},"STATUS CODE":200,"EXECUTION TIME":"1 milliseconds","level":"info"}
{"ID":"61748bca-9be7-4e08-9ae7-7cb702deecc5","METHOD":"GET","URL":"/users/45afe948-b98b-45b5-96db-922ca9576989","QUERY PARAMETERS":{},"BODY":{},"STATUS CODE":200,"EXECUTION TIME":"0 milliseconds","level":"info"}
{"ID":"d630ac76-a02e-4527-997a-4fa40144aa6c","METHOD":"DELETE","URL":"/users/45afe948-b98b-45b5-96db-922ca9576989","QUERY PARAMETERS":{},"BODY":{},"STATUS CODE":200,"EXECUTION TIME":"0 milliseconds","level":"info"}
{"ID":"4329e3ec-7292-41e4-b6f5-bc5074957e05","METHOD":"POST","URL":"/users","QUERY PARAMETERS":{},"BODY":{"name":"TEST_USER","login":"test_user","password":"T35t_P@55w0rd"},"STATUS CODE":201,"EXECUTION TIME":"0 milliseconds","level":"info"}
{"ID":"75c697fe-b643-4fe9-99f3-133da3041a99","METHOD":"DELETE","URL":"/users/69a42a15-def5-4ce8-a0d8-9692a3129a4b","QUERY PARAMETERS":{},"BODY":{},"STATUS CODE":200,"EXECUTION TIME":"0 milliseconds","level":"info"}
{"ID":"a74f1c8c-f08a-40fa-b525-70e3cf9dc393","METHOD":"POST","URL":"/users","QUERY PARAMETERS":{},"BODY":{"name":"TEST_USER","login":"test_user","password":"T35t_P@55w0rd"},"STATUS CODE":201,"EXECUTION TIME":"1 milliseconds","level":"info"}
{"ID":"dc9d3ad8-b3c8-46d2-bb1f-acc011dc61df","METHOD":"POST","URL":"/boards","QUERY PARAMETERS":{},"BODY":{"title":"Autotest board","columns":[{"title":"Backlog","order":1},{"title":"Sprint","order":2}]},"STATUS CODE":201,"EXECUTION TIME":"1 milliseconds","level":"info"}
{"ID":"945de4b2-fa5b-4966-b727-c537592cd401","METHOD":"POST","URL":"/boards/1682a276-0d89-4834-bd5a-1138fe4b2630/tasks","QUERY PARAMETERS":{},"BODY":{"title":"Task #1","order":1,"description":"Lorem ipsum","userId":"a0521540-15d9-4718-91cf-b01085bfb380","boardId":"1682a276-0d89-4834-bd5a-1138fe4b2630"},"STATUS CODE":201,"EXECUTION TIME":"1 milliseconds","level":"info"}
{"ID":"fa2fb725-9f9b-4bcd-9a7c-e25f3a78c946","METHOD":"POST","URL":"/boards/1682a276-0d89-4834-bd5a-1138fe4b2630/tasks","QUERY PARAMETERS":{},"BODY":{"title":"Task #2","order":2,"description":"Lorem ipsum","userId":"a0521540-15d9-4718-91cf-b01085bfb380","boardId":"1682a276-0d89-4834-bd5a-1138fe4b2630"},"STATUS CODE":201,"EXECUTION TIME":"1 milliseconds","level":"info"}
{"ID":"ba733365-5fc8-45a8-a066-b35f9bde9f77","METHOD":"DELETE","URL":"/users/a0521540-15d9-4718-91cf-b01085bfb380","QUERY PARAMETERS":{},"BODY":{},"STATUS CODE":200,"EXECUTION TIME":"1 milliseconds","level":"info"}
{"ID":"2d6b808f-f07c-45b7-aaf5-63e350fff44f","METHOD":"GET","URL":"/boards/1682a276-0d89-4834-bd5a-1138fe4b2630/tasks/f521c486-7648-40dd-8084-81969ae16bf6","QUERY PARAMETERS":{},"BODY":{},"STATUS CODE":200,"EXECUTION TIME":"1 milliseconds","level":"info"}
{"ID":"4032ef5b-10fe-4ff6-a6a9-9d8bbffadfb6","METHOD":"GET","URL":"/boards/1682a276-0d89-4834-bd5a-1138fe4b2630/tasks/655b5bde-39f0-400e-8856-2d5f9be3efc4","QUERY PARAMETERS":{},"BODY":{},"STATUS CODE":200,"EXECUTION TIME":"1 milliseconds","level":"info"}
{"ID":"b8fa7948-ca69-40e8-a934-59a9876da694","METHOD":"DELETE","URL":"/boards/1682a276-0d89-4834-bd5a-1138fe4b2630/tasks/f521c486-7648-40dd-8084-81969ae16bf6","QUERY PARAMETERS":{},"BODY":{},"STATUS CODE":200,"EXECUTION TIME":"2 milliseconds","level":"info"}
{"ID":"4aa5bc16-fd6a-4b05-b17e-4fed27b75eb7","METHOD":"DELETE","URL":"/boards/1682a276-0d89-4834-bd5a-1138fe4b2630/tasks/655b5bde-39f0-400e-8856-2d5f9be3efc4","QUERY PARAMETERS":{},"BODY":{},"STATUS CODE":200,"EXECUTION TIME":"0 milliseconds","level":"info"}
{"ID":"ce9b02e0-d7e0-40e1-8319-2f5c98ba2f62","METHOD":"DELETE","URL":"/boards/1682a276-0d89-4834-bd5a-1138fe4b2630","QUERY PARAMETERS":{},"BODY":{},"STATUS CODE":204,"EXECUTION TIME":"1 milliseconds","level":"info"}
{"ID":"4196a763-57d4-473d-bf07-91362d79d91e","METHOD":"POST","URL":"/boards","QUERY PARAMETERS":{},"BODY":{"title":"Autotest board","columns":[{"title":"Backlog","order":1},{"title":"Sprint","order":2}]},"STATUS CODE":201,"EXECUTION TIME":"0 milliseconds","level":"info"}
{"ID":"816b3e4f-f5aa-4856-b71b-32e3505d9bbd","METHOD":"GET","URL":"/boards","QUERY PARAMETERS":{},"BODY":{},"STATUS CODE":200,"EXECUTION TIME":"1 milliseconds","level":"info"}
{"ID":"a69a5013-2f62-42d4-ad8e-5205e678e00a","METHOD":"GET","URL":"/boards","QUERY PARAMETERS":{},"BODY":{},"STATUS CODE":200,"EXECUTION TIME":"1 milliseconds","level":"info"}
{"ID":"58d28f1f-6274-4337-b9cc-b4fb0b996df8","METHOD":"GET","URL":"/boards/286cd80b-0c3d-475d-bac7-e21cb9fdc512","QUERY PARAMETERS":{},"BODY":{},"STATUS CODE":200,"EXECUTION TIME":"1 milliseconds","level":"info"}
{"ID":"35db27c8-2a06-4353-bd37-60d55dcc5316","METHOD":"POST","URL":"/boards","QUERY PARAMETERS":{},"BODY":{"title":"Autotest board","columns":[{"title":"Backlog","order":1},{"title":"Sprint","order":2}]},"STATUS CODE":201,"EXECUTION TIME":"1 milliseconds","level":"info"}
{"ID":"04f53f85-0fdd-4762-ba85-72d8ab7c78e7","METHOD":"DELETE","URL":"/boards/32b537c2-2514-4223-ac80-0858e67df9fa","QUERY PARAMETERS":{},"BODY":{},"STATUS CODE":204,"EXECUTION TIME":"1 milliseconds","level":"info"}
{"ID":"b6d5d8cc-5ae0-4664-a8e6-54715314788d","METHOD":"POST","URL":"/boards","QUERY PARAMETERS":{},"BODY":{"title":"Autotest board","columns":[{"title":"Backlog","order":1},{"title":"Sprint","order":2}]},"STATUS CODE":201,"EXECUTION TIME":"1 milliseconds","level":"info"}
{"ID":"2e6bd896-9600-4e63-9a21-e08f753b3523","METHOD":"PUT","URL":"/boards/e6882589-9938-4f13-a819-a9bdec6c19fd","QUERY PARAMETERS":{},"BODY":{"id":"e6882589-9938-4f13-a819-a9bdec6c19fd","title":"Autotest updated board","columns":[{"title":"Backlog","order":1},{"title":"Sprint","order":2}]},"STATUS CODE":200,"EXECUTION TIME":"1 milliseconds","level":"info"}
{"ID":"26cc2f5e-b568-4dd4-a493-b644ea07d1d1","METHOD":"GET","URL":"/boards/e6882589-9938-4f13-a819-a9bdec6c19fd","QUERY PARAMETERS":{},"BODY":{},"STATUS CODE":200,"EXECUTION TIME":"0 milliseconds","level":"info"}
{"ID":"d99d5cdc-c187-4a7c-bb8b-6d0e808804ee","METHOD":"DELETE","URL":"/boards/e6882589-9938-4f13-a819-a9bdec6c19fd","QUERY PARAMETERS":{},"BODY":{},"STATUS CODE":204,"EXECUTION TIME":"1 milliseconds","level":"info"}
{"ID":"07baafbd-aa3b-4ad2-8001-2339bf75b797","METHOD":"POST","URL":"/boards","QUERY PARAMETERS":{},"BODY":{"title":"Autotest board","columns":[{"title":"Backlog","order":1},{"title":"Sprint","order":2}]},"STATUS CODE":201,"EXECUTION TIME":"0 milliseconds","level":"info"}
{"ID":"dea24342-b99e-4357-a346-b161c91e0194","METHOD":"DELETE","URL":"/boards/e0c09ba2-6234-4456-87ad-84d07c071fc9","QUERY PARAMETERS":{},"BODY":{},"STATUS CODE":204,"EXECUTION TIME":"1 milliseconds","level":"info"}
{"ID":"7f010904-ca4c-4b83-af9d-7c6ce633dc91","METHOD":"GET","URL":"/boards/e0c09ba2-6234-4456-87ad-84d07c071fc9","QUERY PARAMETERS":{},"BODY":{},"STATUS CODE":404,"EXECUTION TIME":"0 milliseconds","level":"info"}
{"ID":"eec916b0-99a7-40e8-9e88-1a0614aea251","METHOD":"POST","URL":"/boards","QUERY PARAMETERS":{},"BODY":{"title":"Autotest board","columns":[{"title":"Backlog","order":1},{"title":"Sprint","order":2}]},"STATUS CODE":201,"EXECUTION TIME":"1 milliseconds","level":"info"}
{"ID":"d9974f2b-7d3b-414c-b289-2a3152cc425f","METHOD":"POST","URL":"/boards/df4577ed-1e32-4924-ad8e-422fef042e40/tasks","QUERY PARAMETERS":{},"BODY":{"title":"Task #1","order":1,"description":"Lorem ipsum","boardId":"df4577ed-1e32-4924-ad8e-422fef042e40","userId":null,"columnId":null},"STATUS CODE":201,"EXECUTION TIME":"1 milliseconds","level":"info"}
{"ID":"5a914f10-6e7f-40ec-b793-acf7d5ef431a","METHOD":"POST","URL":"/boards/df4577ed-1e32-4924-ad8e-422fef042e40/tasks","QUERY PARAMETERS":{},"BODY":{"title":"Task #5","order":5,"description":"Lorem ipsum","boardId":"df4577ed-1e32-4924-ad8e-422fef042e40","userId":null,"columnId":null},"STATUS CODE":201,"EXECUTION TIME":"0 milliseconds","level":"info"}
{"ID":"b4cb1719-2ea3-47d8-8be9-2830291d1b61","METHOD":"POST","URL":"/boards/df4577ed-1e32-4924-ad8e-422fef042e40/tasks","QUERY PARAMETERS":{},"BODY":{"title":"Task #2","order":2,"description":"Lorem ipsum","boardId":"df4577ed-1e32-4924-ad8e-422fef042e40","userId":null,"columnId":null},"STATUS CODE":201,"EXECUTION TIME":"1 milliseconds","level":"info"}
{"ID":"39a70a3c-2f02-46bb-9fea-1f41ef19fc22","METHOD":"POST","URL":"/boards/df4577ed-1e32-4924-ad8e-422fef042e40/tasks","QUERY PARAMETERS":{},"BODY":{"title":"Task #3","order":3,"description":"Lorem ipsum","boardId":"df4577ed-1e32-4924-ad8e-422fef042e40","userId":null,"columnId":null},"STATUS CODE":201,"EXECUTION TIME":"1 milliseconds","level":"info"}
{"ID":"2b3ef5c9-5848-4e03-a14a-4b35ec054012","METHOD":"POST","URL":"/boards/df4577ed-1e32-4924-ad8e-422fef042e40/tasks","QUERY PARAMETERS":{},"BODY":{"title":"Task #4","order":4,"description":"Lorem ipsum","boardId":"df4577ed-1e32-4924-ad8e-422fef042e40","userId":null,"columnId":null},"STATUS CODE":201,"EXECUTION TIME":"0 milliseconds","level":"info"}
{"ID":"6d4344e9-82bb-428e-ad51-178acc52ba35","METHOD":"GET","URL":"/boards/df4577ed-1e32-4924-ad8e-422fef042e40/tasks/d448a468-1871-4fcc-a9bb-1525adbe9baf","QUERY PARAMETERS":{},"BODY":{},"STATUS CODE":200,"EXECUTION TIME":"1 milliseconds","level":"info"}
{"ID":"e7b87111-f9c1-4bd8-87fa-4da1fa1177ae","METHOD":"GET","URL":"/boards/df4577ed-1e32-4924-ad8e-422fef042e40/tasks/9598eae1-6c86-4f10-ae54-309e0f79352e","QUERY PARAMETERS":{},"BODY":{},"STATUS CODE":200,"EXECUTION TIME":"1 milliseconds","level":"info"}
{"ID":"7b9980db-9ac6-41f9-b7ee-5bbab9537b78","METHOD":"GET","URL":"/boards/df4577ed-1e32-4924-ad8e-422fef042e40/tasks/4e474ed6-b36b-4caa-8186-ce398b7a89da","QUERY PARAMETERS":{},"BODY":{},"STATUS CODE":200,"EXECUTION TIME":"1 milliseconds","level":"info"}
{"ID":"6793fbff-87ed-4e51-88bd-931cfe3de0e5","METHOD":"GET","URL":"/boards/df4577ed-1e32-4924-ad8e-422fef042e40/tasks/5fb20cbb-bb4b-42bd-b120-4282e050a201","QUERY PARAMETERS":{},"BODY":{},"STATUS CODE":200,"EXECUTION TIME":"1 milliseconds","level":"info"}
{"ID":"0d05db89-3aea-4e69-89ae-567798765ed8","METHOD":"GET","URL":"/boards/df4577ed-1e32-4924-ad8e-422fef042e40/tasks/d943772c-ed88-4bb0-aed9-da065621a7b6","QUERY PARAMETERS":{},"BODY":{},"STATUS CODE":200,"EXECUTION TIME":"0 milliseconds","level":"info"}
{"ID":"5102f57a-974f-460c-b700-6ba3684efb9d","METHOD":"DELETE","URL":"/boards/df4577ed-1e32-4924-ad8e-422fef042e40","QUERY PARAMETERS":{},"BODY":{},"STATUS CODE":204,"EXECUTION TIME":"1 milliseconds","level":"info"}
{"ID":"91cba328-144d-4cc3-9468-d6ac4d1adac9","METHOD":"GET","URL":"/boards/df4577ed-1e32-4924-ad8e-422fef042e40/tasks/d943772c-ed88-4bb0-aed9-da065621a7b6","QUERY PARAMETERS":{},"BODY":{},"STATUS CODE":404,"EXECUTION TIME":"1 milliseconds","level":"info"}
{"ID":"56e40664-27cf-4a5a-983c-71f3455d9be9","METHOD":"GET","URL":"/boards/df4577ed-1e32-4924-ad8e-422fef042e40/tasks/d448a468-1871-4fcc-a9bb-1525adbe9baf","QUERY PARAMETERS":{},"BODY":{},"STATUS CODE":404,"EXECUTION TIME":"0 milliseconds","level":"info"}
{"ID":"5d9ed216-a526-4cfd-b2ca-e04ab1b5bba8","METHOD":"GET","URL":"/boards/df4577ed-1e32-4924-ad8e-422fef042e40/tasks/4e474ed6-b36b-4caa-8186-ce398b7a89da","QUERY PARAMETERS":{},"BODY":{},"STATUS CODE":404,"EXECUTION TIME":"0 milliseconds","level":"info"}
{"ID":"fb2f8a82-ea3e-4d2c-8cb8-0845bacc4d2e","METHOD":"GET","URL":"/boards/df4577ed-1e32-4924-ad8e-422fef042e40/tasks/5fb20cbb-bb4b-42bd-b120-4282e050a201","QUERY PARAMETERS":{},"BODY":{},"STATUS CODE":404,"EXECUTION TIME":"0 milliseconds","level":"info"}
{"ID":"0e591583-7768-41f3-ac37-9124f90fcfd9","METHOD":"GET","URL":"/boards/df4577ed-1e32-4924-ad8e-422fef042e40/tasks/9598eae1-6c86-4f10-ae54-309e0f79352e","QUERY PARAMETERS":{},"BODY":{},"STATUS CODE":404,"EXECUTION TIME":"1 milliseconds","level":"info"}
{"ID":"880e9281-d4e0-480c-8422-6ebeaeca2f22","METHOD":"DELETE","URL":"/boards/286cd80b-0c3d-475d-bac7-e21cb9fdc512","QUERY PARAMETERS":{},"BODY":{},"STATUS CODE":204,"EXECUTION TIME":"0 milliseconds","level":"info"}
{"ID":"238cc2c8-8cda-49d9-82c0-fe50dd19ffc6","METHOD":"POST","URL":"/boards","QUERY PARAMETERS":{},"BODY":{"title":"Autotest board","columns":[{"title":"Backlog","order":1},{"title":"Sprint","order":2}]},"STATUS CODE":201,"EXECUTION TIME":"1 milliseconds","level":"info"}
{"ID":"cc1c4cc5-62f7-4148-aa11-1b1385eaf688","METHOD":"POST","URL":"/boards/5090e630-d4e8-43e9-bde3-37037603454c/tasks","QUERY PARAMETERS":{},"BODY":{"title":"Autotest task","order":0,"description":"Lorem ipsum","userId":null,"boardId":null,"columnId":null},"STATUS CODE":201,"EXECUTION TIME":"0 milliseconds","level":"info"}
{"ID":"8bd78bac-0d64-462c-a8e3-f0ba1bc950e0","METHOD":"GET","URL":"/boards/5090e630-d4e8-43e9-bde3-37037603454c/tasks","QUERY PARAMETERS":{},"BODY":{},"STATUS CODE":200,"EXECUTION TIME":"1 milliseconds","level":"info"}
{"ID":"fd8c8fa4-ee06-4cf3-8508-cc7cc7ba8125","METHOD":"GET","URL":"/boards/5090e630-d4e8-43e9-bde3-37037603454c/tasks","QUERY PARAMETERS":{},"BODY":{},"STATUS CODE":200,"EXECUTION TIME":"1 milliseconds","level":"info"}
{"ID":"612598c5-28f7-47d8-9af0-0755fb35be47","METHOD":"GET","URL":"/boards/5090e630-d4e8-43e9-bde3-37037603454c/tasks/6d8913ef-3f90-4d95-a138-7b6afa1d07ea","QUERY PARAMETERS":{},"BODY":{},"STATUS CODE":200,"EXECUTION TIME":"1 milliseconds","level":"info"}
{"ID":"addb7b66-0c09-4da6-97dc-bada1bb616ab","METHOD":"POST","URL":"/boards/5090e630-d4e8-43e9-bde3-37037603454c/tasks","QUERY PARAMETERS":{},"BODY":{"title":"Autotest task","order":0,"description":"Lorem ipsum","userId":null,"boardId":null,"columnId":null},"STATUS CODE":201,"EXECUTION TIME":"0 milliseconds","level":"info"}
{"ID":"ec3f1c2c-7cea-40df-a56c-4e341f7bf8ee","METHOD":"DELETE","URL":"/boards/5090e630-d4e8-43e9-bde3-37037603454c/tasks/54bd3646-0625-4247-9748-872aa25120d5","QUERY PARAMETERS":{},"BODY":{},"STATUS CODE":200,"EXECUTION TIME":"0 milliseconds","level":"info"}
{"ID":"037ec023-beb7-4db1-a81b-3f2214d122de","METHOD":"POST","URL":"/boards/5090e630-d4e8-43e9-bde3-37037603454c/tasks","QUERY PARAMETERS":{},"BODY":{"title":"Autotest task","order":0,"description":"Lorem ipsum","userId":null,"boardId":null,"columnId":null},"STATUS CODE":201,"EXECUTION TIME":"1 milliseconds","level":"info"}
{"ID":"3b42af15-09ae-4e31-99f4-179cb390ea04","METHOD":"PUT","URL":"/boards/5090e630-d4e8-43e9-bde3-37037603454c/tasks/5ecd1a85-7376-46ca-8873-979669a81605","QUERY PARAMETERS":{},"BODY":{"id":"5ecd1a85-7376-46ca-8873-979669a81605","title":"Autotest updated task","order":0,"description":"Lorem ipsum","userId":null,"boardId":"5090e630-d4e8-43e9-bde3-37037603454c","columnId":null},"STATUS CODE":200,"EXECUTION TIME":"0 milliseconds","level":"info"}
{"ID":"4d226e51-dc3b-4a0f-aa10-4a446d799e4b","METHOD":"GET","URL":"/boards/5090e630-d4e8-43e9-bde3-37037603454c/tasks/5ecd1a85-7376-46ca-8873-979669a81605","QUERY PARAMETERS":{},"BODY":{},"STATUS CODE":200,"EXECUTION TIME":"0 milliseconds","level":"info"}
{"ID":"4a4e14b9-9262-4398-b6b9-5899c86f1c7a","METHOD":"GET","URL":"/boards/5090e630-d4e8-43e9-bde3-37037603454c/tasks/6d8913ef-3f90-4d95-a138-7b6afa1d07ea","QUERY PARAMETERS":{},"BODY":{},"STATUS CODE":200,"EXECUTION TIME":"1 milliseconds","level":"info"}
{"ID":"4bcf6b43-0f5a-4154-9d6e-516363e69705","METHOD":"DELETE","URL":"/boards/5090e630-d4e8-43e9-bde3-37037603454c/tasks/6d8913ef-3f90-4d95-a138-7b6afa1d07ea","QUERY PARAMETERS":{},"BODY":{},"STATUS CODE":200,"EXECUTION TIME":"1 milliseconds","level":"info"}
{"ID":"c4464fd8-4a03-40e4-bab3-b1232025c5b3","METHOD":"GET","URL":"/boards/5090e630-d4e8-43e9-bde3-37037603454c/tasks/6d8913ef-3f90-4d95-a138-7b6afa1d07ea","QUERY PARAMETERS":{},"BODY":{},"STATUS CODE":404,"EXECUTION TIME":"1 milliseconds","level":"info"}
{"ID":"a5476fd4-5ecb-4e0a-8f5c-ad8dd9088411","METHOD":"DELETE","URL":"/boards/5090e630-d4e8-43e9-bde3-37037603454c","QUERY PARAMETERS":{},"BODY":{},"STATUS CODE":204,"EXECUTION TIME":"1 milliseconds","level":"info"}
{"ID":"b44e4da6-0244-4d91-a226-493a0857a0e1","METHOD":"GET","URL":"/users","QUERY PARAMETERS":{},"BODY":{},"STATUS CODE":200,"EXECUTION TIME":"1 milliseconds","level":"info"}
{"ID":"4f66007e-b331-4330-987f-c5eb8eca9230","METHOD":"POST","URL":"/users","QUERY PARAMETERS":{},"BODY":{"name":"TEST_USER","login":"test_user","password":"T35t_P@55w0rd"},"STATUS CODE":201,"EXECUTION TIME":"0 milliseconds","level":"info"}
{"ID":"229676ad-5bb9-4787-8dba-5c66b866f9ff","METHOD":"GET","URL":"/users/0e8a3038-9164-4803-aed6-c81b2ad1c5cd","QUERY PARAMETERS":{},"BODY":{},"STATUS CODE":200,"EXECUTION TIME":"1 milliseconds","level":"info"}
{"ID":"fd9e8996-898c-4460-9674-b033d749847d","METHOD":"DELETE","URL":"/users/0e8a3038-9164-4803-aed6-c81b2ad1c5cd","QUERY PARAMETERS":{},"BODY":{},"STATUS CODE":200,"EXECUTION TIME":"1 milliseconds","level":"info"}
{"ID":"0965b385-b5de-4cc7-af85-9c19621261e2","METHOD":"POST","URL":"/users","QUERY PARAMETERS":{},"BODY":{"name":"TEST_USER","login":"test_user","password":"T35t_P@55w0rd"},"STATUS CODE":201,"EXECUTION TIME":"1 milliseconds","level":"info"}
{"ID":"7b84b7ca-c34d-4d1c-82f6-00599b9d4f42","METHOD":"DELETE","URL":"/users/e9f09112-1097-4905-a99d-66e617dce48e","QUERY PARAMETERS":{},"BODY":{},"STATUS CODE":200,"EXECUTION TIME":"0 milliseconds","level":"info"}
{"ID":"3fcd42dc-3c93-4899-a916-fef4c87eb8cb","METHOD":"POST","URL":"/users","QUERY PARAMETERS":{},"BODY":{"name":"TEST_USER","login":"test_user","password":"T35t_P@55w0rd"},"STATUS CODE":201,"EXECUTION TIME":"0 milliseconds","level":"info"}
{"ID":"88877ee5-4712-459d-8d13-448fb949fcea","METHOD":"PUT","URL":"/users/518e7d52-37cd-464e-a150-9da70f37ed1b","QUERY PARAMETERS":{},"BODY":{"name":"Autotest updated TEST_USER","login":"test_user","password":"T35t_P@55w0rd","id":"518e7d52-37cd-464e-a150-9da70f37ed1b"},"STATUS CODE":200,"EXECUTION TIME":"0 milliseconds","level":"info"}
{"ID":"e1b0fc51-47c2-47b8-aa58-093a1039ed61","METHOD":"GET","URL":"/users/518e7d52-37cd-464e-a150-9da70f37ed1b","QUERY PARAMETERS":{},"BODY":{},"STATUS CODE":200,"EXECUTION TIME":"0 milliseconds","level":"info"}
{"ID":"631006b0-f23c-4ff4-804d-ac2c7cca93cf","METHOD":"DELETE","URL":"/users/518e7d52-37cd-464e-a150-9da70f37ed1b","QUERY PARAMETERS":{},"BODY":{},"STATUS CODE":200,"EXECUTION TIME":"1 milliseconds","level":"info"}
{"ID":"8c524ebf-0be6-4edf-b3f5-7195c84639ec","METHOD":"POST","URL":"/users","QUERY PARAMETERS":{},"BODY":{"name":"TEST_USER","login":"test_user","password":"T35t_P@55w0rd"},"STATUS CODE":201,"EXECUTION TIME":"0 milliseconds","level":"info"}
{"ID":"1a7a599c-afcf-41b9-8896-1365808b744c","METHOD":"DELETE","URL":"/users/05fe9705-d9f7-4413-b2ea-9b8507ad4114","QUERY PARAMETERS":{},"BODY":{},"STATUS CODE":200,"EXECUTION TIME":"1 milliseconds","level":"info"}
{"ID":"ef4f9698-f084-4922-b93e-61bfec28ba18","METHOD":"POST","URL":"/users","QUERY PARAMETERS":{},"BODY":{"name":"TEST_USER","login":"test_user","password":"T35t_P@55w0rd"},"STATUS CODE":201,"EXECUTION TIME":"1 milliseconds","level":"info"}
{"ID":"9caa3d39-c3ea-44c1-a86b-e2286d4d0ccf","METHOD":"POST","URL":"/boards","QUERY PARAMETERS":{},"BODY":{"title":"Autotest board","columns":[{"title":"Backlog","order":1},{"title":"Sprint","order":2}]},"STATUS CODE":201,"EXECUTION TIME":"1 milliseconds","level":"info"}
{"ID":"71138047-ebfe-478e-b301-d421af289d6f","METHOD":"POST","URL":"/boards/f7b47ade-4bed-492e-9929-64cef892f2fb/tasks","QUERY PARAMETERS":{},"BODY":{"title":"Task #1","order":1,"description":"Lorem ipsum","userId":"470fc4ce-f116-40b5-8c10-df511cb6050d","boardId":"f7b47ade-4bed-492e-9929-64cef892f2fb"},"STATUS CODE":201,"EXECUTION TIME":"1 milliseconds","level":"info"}
{"ID":"027dcab4-95a6-4c0d-943d-b51d4dc0a0db","METHOD":"POST","URL":"/boards/f7b47ade-4bed-492e-9929-64cef892f2fb/tasks","QUERY PARAMETERS":{},"BODY":{"title":"Task #2","order":2,"description":"Lorem ipsum","userId":"470fc4ce-f116-40b5-8c10-df511cb6050d","boardId":"f7b47ade-4bed-492e-9929-64cef892f2fb"},"STATUS CODE":201,"EXECUTION TIME":"0 milliseconds","level":"info"}
{"ID":"2f14f61e-efca-4b62-afed-c2985f138223","METHOD":"DELETE","URL":"/users/470fc4ce-f116-40b5-8c10-df511cb6050d","QUERY PARAMETERS":{},"BODY":{},"STATUS CODE":200,"EXECUTION TIME":"0 milliseconds","level":"info"}
{"ID":"9e514714-c186-4237-bb81-15c4ffbb4086","METHOD":"GET","URL":"/boards/f7b47ade-4bed-492e-9929-64cef892f2fb/tasks/299585e7-f37e-48c3-95f6-9548d480ab64","QUERY PARAMETERS":{},"BODY":{},"STATUS CODE":200,"EXECUTION TIME":"0 milliseconds","level":"info"}
{"ID":"bbb446eb-b638-4742-8990-403acfd00076","METHOD":"GET","URL":"/boards/f7b47ade-4bed-492e-9929-64cef892f2fb/tasks/c9c09048-3b8e-4310-8b85-1c80abda5e0c","QUERY PARAMETERS":{},"BODY":{},"STATUS CODE":200,"EXECUTION TIME":"2 milliseconds","level":"info"}
{"ID":"172988b1-1608-4a6c-bfcb-e6699e8906a0","METHOD":"DELETE","URL":"/boards/f7b47ade-4bed-492e-9929-64cef892f2fb/tasks/299585e7-f37e-48c3-95f6-9548d480ab64","QUERY PARAMETERS":{},"BODY":{},"STATUS CODE":200,"EXECUTION TIME":"0 milliseconds","level":"info"}
{"ID":"785ee458-9bde-4b12-a5d7-7d6955b5db1b","METHOD":"DELETE","URL":"/boards/f7b47ade-4bed-492e-9929-64cef892f2fb/tasks/c9c09048-3b8e-4310-8b85-1c80abda5e0c","QUERY PARAMETERS":{},"BODY":{},"STATUS CODE":200,"EXECUTION TIME":"1 milliseconds","level":"info"}
{"ID":"42c3e3a3-591d-4789-9664-e22ba023724a","METHOD":"DELETE","URL":"/boards/f7b47ade-4bed-492e-9929-64cef892f2fb","QUERY PARAMETERS":{},"BODY":{},"STATUS CODE":204,"EXECUTION TIME":"1 milliseconds","level":"info"}
{"ID":"27977839-7ede-4133-aaf7-345efdec8cd8","METHOD":"POST","URL":"/boards","QUERY PARAMETERS":{},"BODY":{"title":"Autotest board","columns":[{"title":"Backlog","order":1},{"title":"Sprint","order":2}]},"STATUS CODE":201,"EXECUTION TIME":"1 milliseconds","level":"info"}
{"ID":"1f0a1aa6-09bc-481f-adb0-b45e7243ed9e","METHOD":"GET","URL":"/boards","QUERY PARAMETERS":{},"BODY":{},"STATUS CODE":200,"EXECUTION TIME":"1 milliseconds","level":"info"}
{"ID":"68c14782-ba08-4584-af0e-4626d062daac","METHOD":"GET","URL":"/boards","QUERY PARAMETERS":{},"BODY":{},"STATUS CODE":200,"EXECUTION TIME":"1 milliseconds","level":"info"}
{"ID":"d415030b-ea67-4ab0-9cc4-ead301ff286f","METHOD":"GET","URL":"/boards/956ba2f7-5cb8-4277-baf0-5a4e60cc5888","QUERY PARAMETERS":{},"BODY":{},"STATUS CODE":200,"EXECUTION TIME":"1 milliseconds","level":"info"}
{"ID":"434abd0e-c7b1-475a-b372-6f9f8bebe7f5","METHOD":"POST","URL":"/boards","QUERY PARAMETERS":{},"BODY":{"title":"Autotest board","columns":[{"title":"Backlog","order":1},{"title":"Sprint","order":2}]},"STATUS CODE":201,"EXECUTION TIME":"1 milliseconds","level":"info"}
{"ID":"217541f4-1362-43f6-bc17-7999f14d7abb","METHOD":"DELETE","URL":"/boards/e838ceb5-433a-45fd-bfb4-4e94213f79a1","QUERY PARAMETERS":{},"BODY":{},"STATUS CODE":204,"EXECUTION TIME":"0 milliseconds","level":"info"}
{"ID":"b50e358d-993b-4504-bcd8-cde5b6ee87c6","METHOD":"POST","URL":"/boards","QUERY PARAMETERS":{},"BODY":{"title":"Autotest board","columns":[{"title":"Backlog","order":1},{"title":"Sprint","order":2}]},"STATUS CODE":201,"EXECUTION TIME":"0 milliseconds","level":"info"}
{"ID":"a8a5453a-9e52-4b4f-9b7c-e797618bf389","METHOD":"PUT","URL":"/boards/58815821-76a1-4bb2-8c19-1456a4983017","QUERY PARAMETERS":{},"BODY":{"id":"58815821-76a1-4bb2-8c19-1456a4983017","title":"Autotest updated board","columns":[{"title":"Backlog","order":1},{"title":"Sprint","order":2}]},"STATUS CODE":200,"EXECUTION TIME":"0 milliseconds","level":"info"}
{"ID":"8bf1a68b-4443-46c3-9a46-681ade482379","METHOD":"GET","URL":"/boards/58815821-76a1-4bb2-8c19-1456a4983017","QUERY PARAMETERS":{},"BODY":{},"STATUS CODE":200,"EXECUTION TIME":"1 milliseconds","level":"info"}
{"ID":"43ebbae4-8082-47b3-b06c-994e3cb5e714","METHOD":"DELETE","URL":"/boards/58815821-76a1-4bb2-8c19-1456a4983017","QUERY PARAMETERS":{},"BODY":{},"STATUS CODE":204,"EXECUTION TIME":"1 milliseconds","level":"info"}
{"ID":"3e15d3a5-c88b-4829-b5cf-922a308a64fa","METHOD":"POST","URL":"/boards","QUERY PARAMETERS":{},"BODY":{"title":"Autotest board","columns":[{"title":"Backlog","order":1},{"title":"Sprint","order":2}]},"STATUS CODE":201,"EXECUTION TIME":"0 milliseconds","level":"info"}
{"ID":"f4523726-4d30-4940-9bbe-d04d7536ff88","METHOD":"DELETE","URL":"/boards/3c16aeaf-5e1f-401c-a766-f63fc9b6b273","QUERY PARAMETERS":{},"BODY":{},"STATUS CODE":204,"EXECUTION TIME":"1 milliseconds","level":"info"}
{"ID":"5cd09240-0147-40fa-9138-e78a03a26079","METHOD":"GET","URL":"/boards/3c16aeaf-5e1f-401c-a766-f63fc9b6b273","QUERY PARAMETERS":{},"BODY":{},"STATUS CODE":404,"EXECUTION TIME":"1 milliseconds","level":"info"}
{"ID":"91748f3d-a9a7-4d53-943e-cc53a20c70c9","METHOD":"POST","URL":"/boards","QUERY PARAMETERS":{},"BODY":{"title":"Autotest board","columns":[{"title":"Backlog","order":1},{"title":"Sprint","order":2}]},"STATUS CODE":201,"EXECUTION TIME":"1 milliseconds","level":"info"}
{"ID":"39b2d260-47ae-425a-9320-e796371c4338","METHOD":"POST","URL":"/boards/1ed90528-0c2b-4c65-8937-e59ad0b85af9/tasks","QUERY PARAMETERS":{},"BODY":{"title":"Task #1","order":1,"description":"Lorem ipsum","boardId":"1ed90528-0c2b-4c65-8937-e59ad0b85af9","userId":null,"columnId":null},"STATUS CODE":201,"EXECUTION TIME":"2 milliseconds","level":"info"}
{"ID":"3287029f-48af-4459-9602-2e27e92a57de","METHOD":"POST","URL":"/boards/1ed90528-0c2b-4c65-8937-e59ad0b85af9/tasks","QUERY PARAMETERS":{},"BODY":{"title":"Task #5","order":5,"description":"Lorem ipsum","boardId":"1ed90528-0c2b-4c65-8937-e59ad0b85af9","userId":null,"columnId":null},"STATUS CODE":201,"EXECUTION TIME":"1 milliseconds","level":"info"}
{"ID":"4109c71f-2d1f-4106-b7a6-cc54fdbca982","METHOD":"POST","URL":"/boards/1ed90528-0c2b-4c65-8937-e59ad0b85af9/tasks","QUERY PARAMETERS":{},"BODY":{"title":"Task #2","order":2,"description":"Lorem ipsum","boardId":"1ed90528-0c2b-4c65-8937-e59ad0b85af9","userId":null,"columnId":null},"STATUS CODE":201,"EXECUTION TIME":"1 milliseconds","level":"info"}
{"ID":"bbe16ee9-1008-4702-ba23-91282847a2dd","METHOD":"POST","URL":"/boards/1ed90528-0c2b-4c65-8937-e59ad0b85af9/tasks","QUERY PARAMETERS":{},"BODY":{"title":"Task #3","order":3,"description":"Lorem ipsum","boardId":"1ed90528-0c2b-4c65-8937-e59ad0b85af9","userId":null,"columnId":null},"STATUS CODE":201,"EXECUTION TIME":"1 milliseconds","level":"info"}
{"ID":"7740af52-164b-4b09-beb8-aa6a02e80991","METHOD":"POST","URL":"/boards/1ed90528-0c2b-4c65-8937-e59ad0b85af9/tasks","QUERY PARAMETERS":{},"BODY":{"title":"Task #4","order":4,"description":"Lorem ipsum","boardId":"1ed90528-0c2b-4c65-8937-e59ad0b85af9","userId":null,"columnId":null},"STATUS CODE":201,"EXECUTION TIME":"0 milliseconds","level":"info"}
{"ID":"490d4dfc-de74-4ca3-90f9-7642d4134a38","METHOD":"GET","URL":"/boards/1ed90528-0c2b-4c65-8937-e59ad0b85af9/tasks/3c296372-bacc-4c25-b163-196bf5ac9607","QUERY PARAMETERS":{},"BODY":{},"STATUS CODE":200,"EXECUTION TIME":"0 milliseconds","level":"info"}
{"ID":"c6a245ee-a0ca-421b-8dad-6f4ac7629523","METHOD":"GET","URL":"/boards/1ed90528-0c2b-4c65-8937-e59ad0b85af9/tasks/7906d186-8f63-44a7-bc7f-5dc4de5ad930","QUERY PARAMETERS":{},"BODY":{},"STATUS CODE":200,"EXECUTION TIME":"3 milliseconds","level":"info"}
{"ID":"e04c03b4-93c8-4776-84cf-510075179a9e","METHOD":"GET","URL":"/boards/1ed90528-0c2b-4c65-8937-e59ad0b85af9/tasks/fcbe691a-4994-4c49-bfb7-8b93c38e3251","QUERY PARAMETERS":{},"BODY":{},"STATUS CODE":200,"EXECUTION TIME":"2 milliseconds","level":"info"}
{"ID":"15c84787-1cd5-4642-b505-05548a52c332","METHOD":"GET","URL":"/boards/1ed90528-0c2b-4c65-8937-e59ad0b85af9/tasks/15bf24aa-6050-4f41-9a26-21c39fac4f38","QUERY PARAMETERS":{},"BODY":{},"STATUS CODE":200,"EXECUTION TIME":"3 milliseconds","level":"info"}
{"ID":"5639c182-00be-4207-b425-6504ff336270","METHOD":"GET","URL":"/boards/1ed90528-0c2b-4c65-8937-e59ad0b85af9/tasks/9fdd203b-0dde-4565-a4bf-ec2b91578adf","QUERY PARAMETERS":{},"BODY":{},"STATUS CODE":200,"EXECUTION TIME":"1 milliseconds","level":"info"}
{"ID":"39301aea-4510-446a-b267-a6df38e272a9","METHOD":"DELETE","URL":"/boards/1ed90528-0c2b-4c65-8937-e59ad0b85af9","QUERY PARAMETERS":{},"BODY":{},"STATUS CODE":204,"EXECUTION TIME":"1 milliseconds","level":"info"}
{"ID":"27e27804-4b5e-47b5-9f6b-07699049bfe9","METHOD":"GET","URL":"/boards/1ed90528-0c2b-4c65-8937-e59ad0b85af9/tasks/fcbe691a-4994-4c49-bfb7-8b93c38e3251","QUERY PARAMETERS":{},"BODY":{},"STATUS CODE":404,"EXECUTION TIME":"1 milliseconds","level":"info"}
{"ID":"da707ac0-3591-4f9f-a474-b3ffd5c69015","METHOD":"GET","URL":"/boards/1ed90528-0c2b-4c65-8937-e59ad0b85af9/tasks/7906d186-8f63-44a7-bc7f-5dc4de5ad930","QUERY PARAMETERS":{},"BODY":{},"STATUS CODE":404,"EXECUTION TIME":"1 milliseconds","level":"info"}
{"ID":"989ea059-40db-49da-a9ed-95ca2aa7ca94","METHOD":"GET","URL":"/boards/1ed90528-0c2b-4c65-8937-e59ad0b85af9/tasks/15bf24aa-6050-4f41-9a26-21c39fac4f38","QUERY PARAMETERS":{},"BODY":{},"STATUS CODE":404,"EXECUTION TIME":"0 milliseconds","level":"info"}
{"ID":"ae389fae-d674-417f-b6e7-56d2aee95112","METHOD":"GET","URL":"/boards/1ed90528-0c2b-4c65-8937-e59ad0b85af9/tasks/9fdd203b-0dde-4565-a4bf-ec2b91578adf","QUERY PARAMETERS":{},"BODY":{},"STATUS CODE":404,"EXECUTION TIME":"0 milliseconds","level":"info"}
{"ID":"e271f34b-7d92-446c-ad2f-2e8d0cba6327","METHOD":"GET","URL":"/boards/1ed90528-0c2b-4c65-8937-e59ad0b85af9/tasks/3c296372-bacc-4c25-b163-196bf5ac9607","QUERY PARAMETERS":{},"BODY":{},"STATUS CODE":404,"EXECUTION TIME":"0 milliseconds","level":"info"}
{"ID":"0519477c-5426-4bd9-8b47-8e280fffa455","METHOD":"DELETE","URL":"/boards/956ba2f7-5cb8-4277-baf0-5a4e60cc5888","QUERY PARAMETERS":{},"BODY":{},"STATUS CODE":204,"EXECUTION TIME":"0 milliseconds","level":"info"}
{"ID":"99a74556-a210-4be9-9fc9-0cbfcb061d1f","METHOD":"POST","URL":"/boards","QUERY PARAMETERS":{},"BODY":{"title":"Autotest board","columns":[{"title":"Backlog","order":1},{"title":"Sprint","order":2}]},"STATUS CODE":201,"EXECUTION TIME":"0 milliseconds","level":"info"}
{"ID":"cb79579b-ced8-4a54-bd1e-3c70a028d106","METHOD":"POST","URL":"/boards/64223984-1e0d-4ad2-85b3-1e36028e9d3f/tasks","QUERY PARAMETERS":{},"BODY":{"title":"Autotest task","order":0,"description":"Lorem ipsum","userId":null,"boardId":null,"columnId":null},"STATUS CODE":201,"EXECUTION TIME":"1 milliseconds","level":"info"}
{"ID":"9fed3316-0e68-4528-95a3-ad3c28917868","METHOD":"GET","URL":"/boards/64223984-1e0d-4ad2-85b3-1e36028e9d3f/tasks","QUERY PARAMETERS":{},"BODY":{},"STATUS CODE":200,"EXECUTION TIME":"1 milliseconds","level":"info"}
{"ID":"f7860da6-3781-4f6b-a44c-8b8147e4658b","METHOD":"GET","URL":"/boards/64223984-1e0d-4ad2-85b3-1e36028e9d3f/tasks","QUERY PARAMETERS":{},"BODY":{},"STATUS CODE":200,"EXECUTION TIME":"1 milliseconds","level":"info"}
{"ID":"572c6671-e58c-47fe-bb35-9307c227dba7","METHOD":"GET","URL":"/boards/64223984-1e0d-4ad2-85b3-1e36028e9d3f/tasks/6eb4b131-2b26-43ef-b252-07070413c347","QUERY PARAMETERS":{},"BODY":{},"STATUS CODE":200,"EXECUTION TIME":"1 milliseconds","level":"info"}
{"ID":"e1ea615a-7f5e-4c51-9fef-477dba4f677a","METHOD":"POST","URL":"/boards/64223984-1e0d-4ad2-85b3-1e36028e9d3f/tasks","QUERY PARAMETERS":{},"BODY":{"title":"Autotest task","order":0,"description":"Lorem ipsum","userId":null,"boardId":null,"columnId":null},"STATUS CODE":201,"EXECUTION TIME":"1 milliseconds","level":"info"}
{"ID":"d1297e18-bc6b-4202-a28e-d3a77df3983e","METHOD":"DELETE","URL":"/boards/64223984-1e0d-4ad2-85b3-1e36028e9d3f/tasks/3d536e11-37df-408f-b7fb-bbd7fbce9c0c","QUERY PARAMETERS":{},"BODY":{},"STATUS CODE":200,"EXECUTION TIME":"0 milliseconds","level":"info"}
{"ID":"e5117d78-f9a7-46f6-ae76-2d28a4270a1c","METHOD":"POST","URL":"/boards/64223984-1e0d-4ad2-85b3-1e36028e9d3f/tasks","QUERY PARAMETERS":{},"BODY":{"title":"Autotest task","order":0,"description":"Lorem ipsum","userId":null,"boardId":null,"columnId":null},"STATUS CODE":201,"EXECUTION TIME":"0 milliseconds","level":"info"}
{"ID":"db799be4-bb97-451b-923c-a3075b18dc38","METHOD":"PUT","URL":"/boards/64223984-1e0d-4ad2-85b3-1e36028e9d3f/tasks/9c114e04-cf4e-4a69-bc05-e2d8c7df13e2","QUERY PARAMETERS":{},"BODY":{"id":"9c114e04-cf4e-4a69-bc05-e2d8c7df13e2","title":"Autotest updated task","order":0,"description":"Lorem ipsum","userId":null,"boardId":"64223984-1e0d-4ad2-85b3-1e36028e9d3f","columnId":null},"STATUS CODE":200,"EXECUTION TIME":"0 milliseconds","level":"info"}
{"ID":"b1aa40de-a0cd-4e15-87b6-2262576fe36a","METHOD":"GET","URL":"/boards/64223984-1e0d-4ad2-85b3-1e36028e9d3f/tasks/9c114e04-cf4e-4a69-bc05-e2d8c7df13e2","QUERY PARAMETERS":{},"BODY":{},"STATUS CODE":200,"EXECUTION TIME":"1 milliseconds","level":"info"}
{"ID":"f024946a-5253-4813-9cca-39e7048a0e56","METHOD":"GET","URL":"/boards/64223984-1e0d-4ad2-85b3-1e36028e9d3f/tasks/6eb4b131-2b26-43ef-b252-07070413c347","QUERY PARAMETERS":{},"BODY":{},"STATUS CODE":200,"EXECUTION TIME":"0 milliseconds","level":"info"}
{"ID":"54cef324-ee1b-422b-adf4-7b073a6d0d95","METHOD":"DELETE","URL":"/boards/64223984-1e0d-4ad2-85b3-1e36028e9d3f/tasks/6eb4b131-2b26-43ef-b252-07070413c347","QUERY PARAMETERS":{},"BODY":{},"STATUS CODE":200,"EXECUTION TIME":"2 milliseconds","level":"info"}
{"ID":"77723182-2327-4d21-bbd5-04d4541bca1c","METHOD":"GET","URL":"/boards/64223984-1e0d-4ad2-85b3-1e36028e9d3f/tasks/6eb4b131-2b26-43ef-b252-07070413c347","QUERY PARAMETERS":{},"BODY":{},"STATUS CODE":404,"EXECUTION TIME":"1 milliseconds","level":"info"}
{"ID":"0ebbb383-535b-4b57-b339-54cbf0b533ee","METHOD":"DELETE","URL":"/boards/64223984-1e0d-4ad2-85b3-1e36028e9d3f","QUERY PARAMETERS":{},"BODY":{},"STATUS CODE":204,"EXECUTION TIME":"0 milliseconds","level":"info"}
{"ERROR":"User name not provided.","level":"error"}
{"ID":"b123b9bb-3ee1-41b7-b5f1-26d7d849cb64","METHOD":"POST","URL":"/users","QUERY PARAMETERS":{},"BODY":{"user":{"name":"Aleksey"}},"STATUS CODE":404,"EXECUTION TIME":"5 milliseconds","level":"info"}
{"ERROR":"Login or Password are not provided.","level":"error"}
{"ID":"d4dc53f3-3577-4ee9-9e9f-0013e2c08fb3","METHOD":"POST","URL":"/users","QUERY PARAMETERS":{},"BODY":{"name":"Aleksey"},"STATUS CODE":404,"EXECUTION TIME":"2 milliseconds","level":"info"}
{"ERROR":"User name not provided.","level":"error"}
{"ID":"043c8d60-031f-488a-85ec-3880cbb5ab30","METHOD":"POST","URL":"/users","QUERY PARAMETERS":{},"BODY":{"login":"Aleksey"},"STATUS CODE":404,"EXECUTION TIME":"1 milliseconds","level":"info"}
{"ID":"0d4e2786-42cf-4db5-b2b4-02eb17f4a267","METHOD":"GET","URL":"/users","QUERY PARAMETERS":{},"BODY":{},"STATUS CODE":200,"EXECUTION TIME":"1 milliseconds","level":"info"}
